<?xml version="1.0" encoding="UTF-8"?>
<!-- Generated by org.testng.reporters.JUnitXMLReporter -->
<testsuite ignored="0" hostname="LAPTOP-B1JJ3HOP" failures="1" tests="1" name="ChromeTest" time="28.17" errors="0" timestamp="2024-06-23T12:52:12 IST">
  <testcase classname="testbase.BaseClass" name="@AfterClass tearDown" time="1.482">
    <failure type="org.openqa.selenium.remote.UnreachableBrowserException" message="Error communicating with the remote browser. It may have died.
Build info: version: &amp;apos;4.21.0&amp;apos;, revision: &amp;apos;79ed462ef4&amp;apos;
System info: os.name: &amp;apos;Windows 11&amp;apos;, os.arch: &amp;apos;amd64&amp;apos;, os.version: &amp;apos;10.0&amp;apos;, java.version: &amp;apos;22.0.1&amp;apos;
Driver info: org.openqa.selenium.remote.RemoteWebDriver
Command: [b36ad272b8b3b4d02272580f47df6905, quit []]
Capabilities {acceptInsecureCerts: false, browserName: MicrosoftEdge, browserVersion: 126.0.2592.68, fedcm:accounts: true, ms:edgeOptions: {debuggerAddress: localhost:50853}, msedge: {msedgedriverVersion: 126.0.2592.68 (30e1b6cc72a8..., userDataDir: C:\Users\HP\AppData\Local\T...}, networkConnectionEnabled: false, pageLoadStrategy: normal, platformName: Windows 11, proxy: Proxy(), se:bidiEnabled: false, se:cdp: ws://192.168.209.179:4444/s..., se:cdpVersion: 126.0.2592.68, setWindowRect: true, strictFileInteractability: false, timeouts: {implicit: 0, pageLoad: 300000, script: 30000}, unhandledPromptBehavior: dismiss and notify, webauthn:extension:credBlob: true, webauthn:extension:largeBlob: true, webauthn:extension:minPinLength: true, webauthn:extension:prf: true, webauthn:virtualAuthenticators: true}">
      <![CDATA[org.openqa.selenium.remote.UnreachableBrowserException: Error communicating with the remote browser. It may have died.
Build info: version: '4.21.0', revision: '79ed462ef4'
System info: os.name: 'Windows 11', os.arch: 'amd64', os.version: '10.0', java.version: '22.0.1'
Driver info: org.openqa.selenium.remote.RemoteWebDriver
Command: [b36ad272b8b3b4d02272580f47df6905, quit []]
Capabilities {acceptInsecureCerts: false, browserName: MicrosoftEdge, browserVersion: 126.0.2592.68, fedcm:accounts: true, ms:edgeOptions: {debuggerAddress: localhost:50853}, msedge: {msedgedriverVersion: 126.0.2592.68 (30e1b6cc72a8..., userDataDir: C:\Users\HP\AppData\Local\T...}, networkConnectionEnabled: false, pageLoadStrategy: normal, platformName: Windows 11, proxy: Proxy(), se:bidiEnabled: false, se:cdp: ws://192.168.209.179:4444/s..., se:cdpVersion: 126.0.2592.68, setWindowRect: true, strictFileInteractability: false, timeouts: {implicit: 0, pageLoad: 300000, script: 30000}, unhandledPromptBehavior: dismiss and notify, webauthn:extension:credBlob: true, webauthn:extension:largeBlob: true, webauthn:extension:minPinLength: true, webauthn:extension:prf: true, webauthn:virtualAuthenticators: true}
at org.openqa.selenium.remote.RemoteWebDriver.execute(RemoteWebDriver.java:545)
at org.openqa.selenium.remote.RemoteWebDriver.execute(RemoteWebDriver.java:591)
at org.openqa.selenium.remote.RemoteWebDriver.execute(RemoteWebDriver.java:595)
at org.openqa.selenium.remote.RemoteWebDriver.quit(RemoteWebDriver.java:433)
at testbase.BaseClass.tearDown(BaseClass.java:106)
at java.base/java.util.ArrayList.forEach(ArrayList.java:1597)
at java.base/java.util.concurrent.FutureTask.run(FutureTask.java:317)
at java.base/java.util.concurrent.ThreadPoolExecutor.runWorker(ThreadPoolExecutor.java:1144)
at java.base/java.util.concurrent.ThreadPoolExecutor$Worker.run(ThreadPoolExecutor.java:642)
at java.base/java.lang.Thread.run(Thread.java:1570)
Caused by: java.util.concurrent.RejectedExecutionException: Task jdk.internal.net.http.common.SequentialScheduler$SchedulableTask@34e01614 rejected from java.util.concurrent.ThreadPoolExecutor@5ea25a8a[Terminated, pool size = 0, active threads = 0, queued tasks = 0, completed tasks = 104]
at java.base/java.util.concurrent.ThreadPoolExecutor$AbortPolicy.rejectedExecution(ThreadPoolExecutor.java:2081)
at java.base/java.util.concurrent.ThreadPoolExecutor.reject(ThreadPoolExecutor.java:841)
at java.base/java.util.concurrent.ThreadPoolExecutor.execute(ThreadPoolExecutor.java:1376)
at java.net.http/jdk.internal.net.http.HttpClientImpl$DelegatingExecutor.ensureExecutedAsync(HttpClientImpl.java:184)
at java.net.http/jdk.internal.net.http.HttpClientImpl$DelegatingExecutor.execute(HttpClientImpl.java:176)
at java.net.http/jdk.internal.net.http.common.SequentialScheduler.runOrSchedule(SequentialScheduler.java:282)
at java.net.http/jdk.internal.net.http.common.SequentialScheduler.runOrSchedule(SequentialScheduler.java:251)
at java.net.http/jdk.internal.net.http.Http1AsyncReceiver.asyncReceive(Http1AsyncReceiver.java:468)
at java.net.http/jdk.internal.net.http.Http1AsyncReceiver$Http1TubeSubscriber.onNext(Http1AsyncReceiver.java:589)
at java.net.http/jdk.internal.net.http.Http1AsyncReceiver$Http1TubeSubscriber.onNext(Http1AsyncReceiver.java:546)
at java.net.http/jdk.internal.net.http.SocketTube$InternalReadPublisher$InternalReadSubscription.read(SocketTube.java:865)
at java.net.http/jdk.internal.net.http.SocketTube$SocketFlowTask.run(SocketTube.java:181)
at java.net.http/jdk.internal.net.http.common.SequentialScheduler$SchedulableTask.run(SequentialScheduler.java:207)
at java.net.http/jdk.internal.net.http.common.SequentialScheduler.runOrSchedule(SequentialScheduler.java:280)
at java.net.http/jdk.internal.net.http.common.SequentialScheduler.runOrSchedule(SequentialScheduler.java:233)
at java.net.http/jdk.internal.net.http.SocketTube$InternalReadPublisher$InternalReadSubscription.signalReadable(SocketTube.java:782)
at java.net.http/jdk.internal.net.http.SocketTube$InternalReadPublisher$ReadEvent.signalEvent(SocketTube.java:965)
at java.net.http/jdk.internal.net.http.SocketTube$SocketFlowEvent.handle(SocketTube.java:253)
at java.net.http/jdk.internal.net.http.HttpClientImpl$SelectorManager.handleEvent(HttpClientImpl.java:1476)
at java.net.http/jdk.internal.net.http.HttpClientImpl$SelectorManager.lambda$run$3(HttpClientImpl.java:1421)
at java.base/java.util.ArrayList.forEach(ArrayList.java:1597)
at java.net.http/jdk.internal.net.http.HttpClientImpl$SelectorManager.run(HttpClientImpl.java:1421)
... Removed 14 stack frames]]>
    </failure>
  </testcase> <!-- @AfterClass tearDown -->
  <testcase classname="testcases.TC001_AccountRegistrationTest" name="verify_account_registration" time="10.896">
    <failure type="java.lang.AssertionError" message="Test failed: element not interactable
  (Session info: MicrosoftEdge=126.0.2592.68)
Build info: version: &amp;apos;4.21.0&amp;apos;, revision: &amp;apos;79ed462ef4&amp;apos;
System info: os.name: &amp;apos;Windows 11&amp;apos;, os.arch: &amp;apos;amd64&amp;apos;, os.version: &amp;apos;10.0&amp;apos;, java.version: &amp;apos;22.0.1&amp;apos;
Driver info: org.openqa.selenium.remote.RemoteWebDriver
Command: [b36ad272b8b3b4d02272580f47df6905, clickElement {id=f.06550A5E32816B699AF84803BEA49D7B.d.D8B82C39AEBF419B76EC99E6793B62D1.e.58}]
Capabilities {acceptInsecureCerts: false, browserName: MicrosoftEdge, browserVersion: 126.0.2592.68, fedcm:accounts: true, ms:edgeOptions: {debuggerAddress: localhost:50853}, msedge: {msedgedriverVersion: 126.0.2592.68 (30e1b6cc72a8..., userDataDir: C:\Users\HP\AppData\Local\T...}, networkConnectionEnabled: false, pageLoadStrategy: normal, platformName: Windows 11, proxy: Proxy(), se:bidiEnabled: false, se:cdp: ws://192.168.209.179:4444/s..., se:cdpVersion: 126.0.2592.68, setWindowRect: true, strictFileInteractability: false, timeouts: {implicit: 0, pageLoad: 300000, script: 30000}, unhandledPromptBehavior: dismiss and notify, webauthn:extension:credBlob: true, webauthn:extension:largeBlob: true, webauthn:extension:minPinLength: true, webauthn:extension:prf: true, webauthn:virtualAuthenticators: true}
Element: [[RemoteWebDriver: MicrosoftEdge on Windows 11 (b36ad272b8b3b4d02272580f47df6905)] -&amp;gt; xpath: //a[normalize-space()=&amp;apos;Register&amp;apos;]]
Session ID: b36ad272b8b3b4d02272580f47df6905">
      <![CDATA[java.lang.AssertionError: Test failed: element not interactable
  (Session info: MicrosoftEdge=126.0.2592.68)
Build info: version: '4.21.0', revision: '79ed462ef4'
System info: os.name: 'Windows 11', os.arch: 'amd64', os.version: '10.0', java.version: '22.0.1'
Driver info: org.openqa.selenium.remote.RemoteWebDriver
Command: [b36ad272b8b3b4d02272580f47df6905, clickElement {id=f.06550A5E32816B699AF84803BEA49D7B.d.D8B82C39AEBF419B76EC99E6793B62D1.e.58}]
Capabilities {acceptInsecureCerts: false, browserName: MicrosoftEdge, browserVersion: 126.0.2592.68, fedcm:accounts: true, ms:edgeOptions: {debuggerAddress: localhost:50853}, msedge: {msedgedriverVersion: 126.0.2592.68 (30e1b6cc72a8..., userDataDir: C:\Users\HP\AppData\Local\T...}, networkConnectionEnabled: false, pageLoadStrategy: normal, platformName: Windows 11, proxy: Proxy(), se:bidiEnabled: false, se:cdp: ws://192.168.209.179:4444/s..., se:cdpVersion: 126.0.2592.68, setWindowRect: true, strictFileInteractability: false, timeouts: {implicit: 0, pageLoad: 300000, script: 30000}, unhandledPromptBehavior: dismiss and notify, webauthn:extension:credBlob: true, webauthn:extension:largeBlob: true, webauthn:extension:minPinLength: true, webauthn:extension:prf: true, webauthn:virtualAuthenticators: true}
Element: [[RemoteWebDriver: MicrosoftEdge on Windows 11 (b36ad272b8b3b4d02272580f47df6905)] -> xpath: //a[normalize-space()='Register']]
Session ID: b36ad272b8b3b4d02272580f47df6905
at testcases.TC001_AccountRegistrationTest.verify_account_registration(TC001_AccountRegistrationTest.java:46)
at java.base/java.util.ArrayList.forEach(ArrayList.java:1597)
at java.base/java.util.concurrent.FutureTask.run(FutureTask.java:317)
at java.base/java.util.concurrent.ThreadPoolExecutor.runWorker(ThreadPoolExecutor.java:1144)
at java.base/java.util.concurrent.ThreadPoolExecutor$Worker.run(ThreadPoolExecutor.java:642)
at java.base/java.lang.Thread.run(Thread.java:1570)
... Removed 16 stack frames]]>
    </failure>
  </testcase> <!-- verify_account_registration -->
</testsuite> <!-- ChromeTest -->
